\BOOKMARK [1][-]{section.1}{\376\377\000T\000e\000r\000m\000o\000d\000i\000n\000a\000m\000i\000c\000a}{}% 1
\BOOKMARK [2][-]{subsection.1.1}{\376\377\000I\000n\000t\000r\000o\000d\000u\000z\000i\000o\000n\000e}{section.1}% 2
\BOOKMARK [2][-]{subsection.1.2}{\376\377\000M\000i\000s\000u\000r\000e}{section.1}% 3
\BOOKMARK [2][-]{subsection.1.3}{\376\377\000F\000r\000i\000g\000o\000r\000i\000f\000e\000r\000i\000\040\000a\000d\000\040\000e\000f\000f\000e\000t\000t\000o\000\040\000t\000e\000r\000m\000o\000e\000l\000e\000t\000t\000r\000i\000c\000o}{section.1}% 4
\BOOKMARK [2][-]{subsection.1.4}{\376\377\000P\000r\000i\000n\000c\000i\000p\000i\000o\000\040\000z\000e\000r\000o\000\040\000d\000e\000l\000l\000a\000\040\000t\000e\000r\000m\000o\000d\000i\000n\000a\000m\000i\000c\000a}{section.1}% 5
\BOOKMARK [2][-]{subsection.1.5}{\376\377\000P\000r\000i\000m\000o\000\040\000p\000r\000i\000n\000c\000i\000p\000i\000o\000\040\000d\000e\000l\000l\000a\000\040\000t\000e\000r\000m\000o\000d\000i\000n\000a\000m\000i\000c\000a}{section.1}% 6
\BOOKMARK [2][-]{subsection.1.6}{\376\377\000S\000i\000s\000t\000e\000m\000i\000\040\000a\000p\000e\000r\000t\000i}{section.1}% 7
\BOOKMARK [3][-]{subsubsection.1.6.1}{\376\377\000E\000s\000p\000a\000n\000s\000o\000r\000e}{subsection.1.6}% 8
\BOOKMARK [3][-]{subsubsection.1.6.2}{\376\377\000C\000o\000m\000p\000r\000e\000s\000s\000o\000r\000e}{subsection.1.6}% 9
\BOOKMARK [3][-]{subsubsection.1.6.3}{\376\377\000V\000a\000l\000v\000o\000l\000a\000\040\000d\000i\000\040\000l\000a\000m\000i\000n\000a\000z\000i\000o\000n\000e}{subsection.1.6}% 10
\BOOKMARK [3][-]{subsubsection.1.6.4}{\376\377\000T\000u\000b\000o\000\040\000d\000i\000\040\000e\000f\000f\000l\000u\000s\000s\000o}{subsection.1.6}% 11
\BOOKMARK [3][-]{subsubsection.1.6.5}{\376\377\000G\000e\000n\000e\000r\000a\000l\000i\000z\000z\000a\000z\000i\000o\000n\000e\000\040\000d\000e\000i\000\040\000s\000i\000s\000t\000e\000m\000i\000\040\000a\000p\000e\000r\000t\000i}{subsection.1.6}% 12
\BOOKMARK [2][-]{subsection.1.7}{\376\377\000C\000a\000l\000o\000r\000e}{section.1}% 13
\BOOKMARK [2][-]{subsection.1.8}{\376\377\000S\000e\000c\000o\000n\000d\000o\000\040\000p\000r\000i\000n\000c\000i\000p\000i\000o\000\040\000d\000e\000l\000l\000a\000\040\000t\000e\000r\000m\000o\000d\000i\000n\000a\000m\000i\000c\000a}{section.1}% 14
\BOOKMARK [3][-]{subsubsection.1.8.1}{\376\377\000e\000q\000u\000i\000v\000a\000l\000e\000n\000z\000a\000\040\000d\000e\000i\000\040\000p\000r\000i\000n\000c\000i\000p\000i}{subsection.1.8}% 15
\BOOKMARK [2][-]{subsection.1.9}{\376\377\000E\000q\000u\000a\000z\000i\000o\000n\000i\000\040\000d\000e\000l\000\040\000s\000e\000c\000o\000n\000d\000o\000\040\000p\000r\000i\000n\000c\000i\000p\000i\000o}{section.1}% 16
\BOOKMARK [2][-]{subsection.1.10}{\376\377\000E\000n\000t\000r\000o\000p\000i\000a}{section.1}% 17
\BOOKMARK [3][-]{subsubsection.1.10.1}{\376\377\000E\000n\000e\000r\000g\000i\000a\000\040\000i\000n\000t\000e\000r\000n\000a\000\040\000i\000n\000\040\000f\000u\000n\000z\000i\000o\000n\000e\000\040\000d\000e\000l\000l\000'\000e\000n\000t\000r\000o\000p\000i\000a}{subsection.1.10}% 18
\BOOKMARK [3][-]{subsubsection.1.10.2}{\376\377\000E\000n\000t\000a\000l\000p\000i\000a\000\040\000i\000n\000\040\000f\000u\000n\000z\000i\000o\000n\000e\000\040\000d\000e\000l\000l\000'\000e\000n\000t\000r\000o\000p\000i\000a}{subsection.1.10}% 19
\BOOKMARK [3][-]{subsubsection.1.10.3}{\376\377\000T\000e\000o\000r\000e\000m\000a\000\040\000d\000e\000l\000l\000'\000a\000u\000m\000e\000n\000t\000o\000\040\000d\000i\000\040\000E\000n\000t\000r\000o\000p\000i\000a}{subsection.1.10}% 20
\BOOKMARK [3][-]{subsubsection.1.10.4}{\376\377\000S\000o\000r\000g\000e\000n\000t\000i\000\040\000d\000i\000\040\000p\000r\000o\000d\000u\000z\000i\000o\000n\000e\000\040\000e\000n\000t\000r\000o\000p\000i\000c\000a}{subsection.1.10}% 21
\BOOKMARK [3][-]{subsubsection.1.10.5}{\376\377\000L\000a\000v\000o\000r\000o\000\040\000m\000e\000c\000c\000a\000n\000i\000c\000o\000\040\000i\000n\000\040\000p\000r\000e\000s\000e\000n\000z\000a\000\040\000d\000i\000\040\000s\000o\000r\000g\000e\000n\000t\000i\000\040\000e\000n\000t\000r\000o\000p\000i\000c\000h\000e\000\040\000\050\000t\000r\000a\000s\000f\000o\000r\000m\000a\000z\000i\000o\000n\000i\000\040\000i\000r\000r\000e\000v\000e\000r\000s\000i\000b\000i\000l\000i\000\051}{subsection.1.10}% 22
\BOOKMARK [2][-]{subsection.1.11}{\376\377\000C\000i\000c\000l\000o\000\040\000m\000o\000t\000o\000r\000e\000\040\000o\000\040\000c\000i\000c\000l\000o\000\040\000d\000i\000r\000e\000t\000t\000o}{section.1}% 23
\BOOKMARK [3][-]{subsubsection.1.11.1}{\376\377\000M\000a\000c\000c\000h\000i\000n\000a\000\040\000d\000i\000\040\000C\000a\000r\000n\000o\000t}{subsection.1.11}% 24
\BOOKMARK [2][-]{subsection.1.12}{\376\377\000C\000i\000c\000l\000o\000\040\000i\000n\000v\000e\000r\000s\000o}{section.1}% 25
\BOOKMARK [3][-]{subsubsection.1.12.1}{\376\377\000C\000i\000c\000l\000o\000\040\000f\000r\000i\000g\000o\000r\000i\000f\000e\000r\000o}{subsection.1.12}% 26
\BOOKMARK [3][-]{subsubsection.1.12.2}{\376\377\000P\000o\000m\000p\000a\000\040\000d\000i\000\040\000c\000a\000l\000o\000r\000e}{subsection.1.12}% 27
\BOOKMARK [2][-]{subsection.1.13}{\376\377\000D\000i\000a\000g\000r\000a\000m\000m\000i\000\040\000t\000e\000r\000m\000o\000d\000i\000n\000a\000m\000i\000c\000i}{section.1}% 28
\BOOKMARK [3][-]{subsubsection.1.13.1}{\376\377\000I\000s\000o\000b\000a\000r\000e\000\040\000n\000e\000l\000\040\000T\000s}{subsection.1.13}% 29
\BOOKMARK [3][-]{subsubsection.1.13.2}{\376\377\000I\000s\000o\000b\000a\000r\000e\000\040\000n\000e\000l\000\040\000d\000i\000a\000g\000r\000a\000m\000m\000a\000\040\000h\000s}{subsection.1.13}% 30
\BOOKMARK [3][-]{subsubsection.1.13.3}{\376\377\000D\000i\000a\000g\000r\000a\000m\000m\000a\000\040\000p\000v}{subsection.1.13}% 31
\BOOKMARK [3][-]{subsubsection.1.13.4}{\376\377\000E\000s\000p\000e\000r\000i\000e\000n\000z\000a\000\040\000d\000i\000\040\000A\000n\000d\000r\000e\000w\000s}{subsection.1.13}% 32
\BOOKMARK [3][-]{subsubsection.1.13.5}{\376\377\000D\000i\000a\000g\000r\000a\000m\000m\000a\000\040\000p\000T\000\040\000d\000e\000l\000l\000e\000\040\000s\000o\000s\000t\000a\000n\000z\000e}{subsection.1.13}% 33
\BOOKMARK [3][-]{subsubsection.1.13.6}{\376\377\000D\000i\000a\000g\000r\000a\000m\000m\000a\000\040\000p\000v\000T}{subsection.1.13}% 34
\BOOKMARK [3][-]{subsubsection.1.13.7}{\376\377\000D\000i\000a\000g\000r\000a\000m\000m\000a\000\040\000h\000s}{subsection.1.13}% 35
\BOOKMARK [3][-]{subsubsection.1.13.8}{\376\377\000D\000i\000a\000g\000r\000a\000m\000m\000a\000\040\000T\000s\000\040\000d\000e\000l\000l\000e\000\040\000s\000o\000s\000t\000a\000n\000z\000e}{subsection.1.13}% 36
\BOOKMARK [2][-]{subsection.1.14}{\376\377\000P\000r\000o\000p\000r\000i\000e\000t\000\340\000\040\000d\000e\000l\000l\000a\000\040\000s\000o\000s\000t\000a\000n\000z\000e}{section.1}% 37
\BOOKMARK [3][-]{subsubsection.1.14.1}{\376\377\000G\000a\000s\000\040\000p\000e\000r\000f\000e\000t\000t\000i\000\040\000e\000\040\000c\000o\000e\000f\000f\000i\000c\000i\000e\000n\000t\000i}{subsection.1.14}% 38
\BOOKMARK [3][-]{subsubsection.1.14.2}{\376\377\000C\000o\000n\000f\000e\000r\000m\000a\000\040\000s\000p\000e\000r\000i\000m\000e\000n\000t\000a\000l\000e\000\040\000d\000\040\000u\000=\000c\000v\000\050\000T\000\051\000\040\000d\000\040\000T\000\040\000e\000\040\000d\000h\000=\000c\000p\000\050\000T\000\051\000\040\000d\000\040\000T}{subsection.1.14}% 39
\BOOKMARK [3][-]{subsubsection.1.14.3}{\376\377\000C\000a\000l\000o\000r\000e\000\040\000s\000p\000e\000c\000i\000f\000i\000c\000o}{subsection.1.14}% 40
\BOOKMARK [3][-]{subsubsection.1.14.4}{\376\377\000E\000q\000u\000a\000z\000i\000o\000n\000i\000\040\000d\000i\000\040\000M\000a\000x\000w\000e\000l\000l}{subsection.1.14}% 41
\BOOKMARK [3][-]{subsubsection.1.14.5}{\376\377\000R\000e\000l\000a\000z\000i\000o\000n\000i\000\040\000t\000r\000a\000\040\000c\000a\000l\000o\000r\000i\000\040\000s\000p\000e\000c\000i\000f\000i\000c\000i}{subsection.1.14}% 42
\BOOKMARK [3][-]{subsubsection.1.14.6}{\376\377\000D\000i\000p\000e\000n\000d\000e\000n\000z\000a\000\040\000d\000i\000\040\000c\000v\000\040\000d\000a\000\040\000v}{subsection.1.14}% 43
\BOOKMARK [3][-]{subsubsection.1.14.7}{\376\377\000D\000i\000p\000e\000n\000d\000e\000n\000z\000a\000\040\000d\000i\000\040\000c\000p\000\040\000d\000a\000\040\000p}{subsection.1.14}% 44
\BOOKMARK [2][-]{subsection.1.15}{\376\377\000G\000a\000s\000\040\000r\000e\000a\000l\000i}{section.1}% 45
\BOOKMARK [3][-]{subsubsection.1.15.1}{\376\377\000E\000q\000u\000a\000z\000i\000o\000n\000e\000\040\000d\000e\000l\000\040\000v\000i\000r\000a\000l\000e}{subsection.1.15}% 46
\BOOKMARK [3][-]{subsubsection.1.15.2}{\376\377\000E\000q\000u\000a\000z\000i\000o\000n\000i\000\040\000d\000i\000\040\000V\000a\000n\000\040\000d\000e\000r\000\040\000W\000a\000a\000l\000s}{subsection.1.15}% 47
\BOOKMARK [3][-]{subsubsection.1.15.3}{\376\377\000E\000q\000u\000a\000z\000i\000o\000n\000e\000\040\000d\000i\000\040\000D\000i\000e\000t\000e\000r\000i\000c\000i}{subsection.1.15}% 48
\BOOKMARK [3][-]{subsubsection.1.15.4}{\376\377\000E\000q\000u\000a\000z\000i\000o\000n\000e\000\040\000d\000i\000\040\000B\000e\000t\000h\000e\000l\000o\000t}{subsection.1.15}% 49
\BOOKMARK [2][-]{subsection.1.16}{\376\377\000T\000e\000o\000r\000e\000m\000a\000\040\000d\000i\000\040\000G\000u\000o\000j\000-\000S\000t\000o\000d\000o\000l\000a}{section.1}% 50
\BOOKMARK [2][-]{subsection.1.17}{\376\377\000E\000x\000e\000r\000g\000i\000a}{section.1}% 51
\BOOKMARK [3][-]{subsubsection.1.17.1}{\376\377\000D\000i\000a\000g\000r\000a\000m\000m\000a\000\040\000e\000x\000e\000r\000g\000i\000a\000-\000e\000n\000t\000a\000l\000p\000i\000a}{subsection.1.17}% 52
\BOOKMARK [2][-]{subsection.1.18}{\376\377\000T\000r\000a\000s\000f\000o\000r\000m\000a\000z\000i\000o\000n\000i\000\040\000t\000e\000r\000m\000o\000d\000i\000n\000a\000m\000i\000c\000h\000e}{section.1}% 53
\BOOKMARK [2][-]{subsection.1.19}{\376\377\000M\000i\000s\000c\000e\000l\000e\000\040\000a\000r\000i\000a\000\040\000u\000m\000i\000d\000a}{section.1}% 54
\BOOKMARK [2][-]{subsection.1.20}{\376\377\000I\000m\000p\000i\000a\000n\000t\000i\000\040\000f\000r\000i\000g\000o\000r\000i\000f\000e\000r\000i}{section.1}% 55
\BOOKMARK [3][-]{subsubsection.1.20.1}{\376\377\000C\000i\000c\000l\000o\000\040\000f\000r\000i\000g\000o\000r\000i\000f\000e\000r\000o\000\040\000a\000\040\000c\000o\000m\000p\000r\000e\000s\000s\000i\000o\000n\000e\000\040\000d\000i\000\040\000v\000a\000p\000o\000r\000e}{subsection.1.20}% 56
\BOOKMARK [3][-]{subsubsection.1.20.2}{\376\377\000P\000r\000o\000g\000e\000t\000t\000a\000z\000i\000o\000n\000e}{subsection.1.20}% 57
\BOOKMARK [3][-]{subsubsection.1.20.3}{\376\377\000C\000i\000c\000l\000o\000\040\000c\000o\000n\000\040\000c\000a\000m\000e\000r\000a\000\040\000d\000i\000\040\000s\000e\000p\000a\000r\000a\000z\000i\000o\000n\000e\000\040\000\050\000F\000l\000a\000s\000h\000\051}{subsection.1.20}% 58
\BOOKMARK [3][-]{subsubsection.1.20.4}{\376\377\000F\000r\000i\000g\000o\000r\000i\000f\000e\000r\000o\000\040\000a\000d\000\040\000H\0002\000O\000\040\000c\000o\000n\000\040\000e\000i\000e\000t\000t\000o\000r\000e\000\040}{subsection.1.20}% 59
\BOOKMARK [3][-]{subsubsection.1.20.5}{\376\377\000F\000r\000i\000g\000o\000r\000i\000f\000e\000r\000o\000\040\000a\000d\000\040\000a\000r\000i\000a}{subsection.1.20}% 60
\BOOKMARK [3][-]{subsubsection.1.20.6}{\376\377\000I\000m\000p\000i\000a\000n\000t\000i\000\040\000d\000i\000\040\000a\000r\000i\000a\000\040\000c\000o\000n\000d\000i\000z\000i\000o\000n\000a\000t\000a\000\040\000p\000e\000r\000\040\000a\000e\000r\000e\000i}{subsection.1.20}% 61
\BOOKMARK [2][-]{subsection.1.21}{\376\377\000I\000m\000p\000i\000a\000n\000t\000i\000\040\000a\000\040\000l\000i\000q\000u\000e\000f\000a\000z\000i\000o\000n\000e\000\040\000d\000e\000i\000\040\000g\000a\000s}{section.1}% 62
\BOOKMARK [3][-]{subsubsection.1.21.1}{\376\377\000P\000i\000c\000t\000e\000t}{subsection.1.21}% 63
\BOOKMARK [3][-]{subsubsection.1.21.2}{\376\377\000L\000i\000n\000d\000e}{subsection.1.21}% 64
\BOOKMARK [3][-]{subsubsection.1.21.3}{\376\377\000C\000l\000a\000u\000d\000e}{subsection.1.21}% 65
\BOOKMARK [3][-]{subsubsection.1.21.4}{\376\377\000I\000m\000p\000i\000n\000t\000o\000\040\000m\000i\000s\000t\000o}{subsection.1.21}% 66
\BOOKMARK [2][-]{subsection.1.22}{\376\377\000I\000m\000p\000i\000a\000n\000t\000i\000\040\000i\000n\000v\000e\000r\000s\000o\000\040\000a\000d\000\040\000a\000s\000s\000o\000r\000b\000i\000m\000e\000n\000t\000o}{section.1}% 67
\BOOKMARK [3][-]{subsubsection.1.22.1}{\376\377\000E\000l\000e\000c\000t\000r\000o\000l\000u\000x}{subsection.1.22}% 68
\BOOKMARK [1][-]{section.2}{\376\377\000T\000e\000r\000m\000o\000f\000l\000u\000i\000d\000o\000d\000i\000n\000a\000m\000i\000c\000a}{}% 69
\BOOKMARK [2][-]{subsection.2.1}{\376\377\000L\000i\000n\000e\000e\000\040\000d\000i\000\040\000f\000l\000u\000s\000s\000o}{section.2}% 70
\BOOKMARK [3][-]{subsubsection.2.1.1}{\376\377\000L\000i\000n\000e\000e\000\040\000d\000i\000\040\000c\000o\000r\000r\000e\000n\000t\000e}{subsection.2.1}% 71
\BOOKMARK [3][-]{subsubsection.2.1.2}{\376\377\000T\000r\000a\000i\000e\000t\000t\000o\000r\000i\000e}{subsection.2.1}% 72
\BOOKMARK [3][-]{subsubsection.2.1.3}{\376\377\000L\000i\000n\000e\000e\000\040\000d\000i\000\040\000f\000u\000m\000o}{subsection.2.1}% 73
\BOOKMARK [2][-]{subsection.2.2}{\376\377\000P\000r\000i\000n\000c\000i\000p\000i\000o\000\040\000d\000i\000\040\000c\000o\000n\000s\000e\000r\000v\000a\000z\000i\000o\000n\000e\000\040\000d\000e\000l\000l\000a\000\040\000m\000a\000s\000s\000a\000\040\000d\000i\000\040\000L\000e\000o\000n\000a\000r\000d\000o\000\040\000d\000a\000\040\000V\000i\000n\000c\000i}{section.2}% 74
\BOOKMARK [2][-]{subsection.2.3}{\376\377\000E\000q\000u\000a\000z\000i\000o\000n\000e\000\040\000d\000i\000\040\000B\000e\000r\000n\000o\000u\000l\000l\000i\000\040\000g\000e\000n\000e\000r\000a\000l\000i\000z\000z\000a\000t\000a}{section.2}% 75
\BOOKMARK [3][-]{subsubsection.2.3.1}{\376\377\000D\000e\000f\000i\000n\000i\000z\000i\000o\000n\000e\000\040\000o\000p\000e\000r\000a\000t\000i\000v\000a\000\040\000d\000e\000l\000l\000'\000a\000t\000t\000r\000i\000t\000o\000\040\000z\000a}{subsection.2.3}% 76
\BOOKMARK [2][-]{subsection.2.4}{\376\377\000E\000q\000u\000a\000z\000i\000o\000n\000e\000\040\000d\000i\000\040\000E\000u\000l\000e\000r\000o}{section.2}% 77
\BOOKMARK [1][-]{section.3}{\376\377\000T\000e\000s\000i\000n\000e}{}% 78
\BOOKMARK [1][-]{section.4}{\376\377\000I\000n\000d\000i\000c\000i}{}% 79
\BOOKMARK [2][-]{section*.1}{\376\377\000E\000l\000e\000n\000c\000o\000\040\000d\000e\000l\000l\000e\000\040\000f\000i\000g\000u\000r\000e}{section.4}% 80
\BOOKMARK [2][-]{section*.1}{\376\377\000E\000l\000e\000n\000c\000o\000\040\000d\000e\000l\000l\000e\000\040\000t\000a\000b\000e\000l\000l\000e}{section.4}% 81
\BOOKMARK [2][-]{section*.1}{\376\377\000E\000l\000e\000n\000c\000o\000\040\000d\000e\000l\000l\000e\000\040\000e\000q\000u\000a\000z\000i\000o\000n\000i}{section.4}% 82
\BOOKMARK [2][-]{section*.1}{\376\377\000I\000n\000d\000i\000c\000e\000\040\000a\000n\000a\000l\000i\000t\000i\000c\000o}{section.4}% 83
