This is pdfTeX, Version 3.141592653-2.6-1.40.22 (TeX Live 2021) (preloaded format=pdflatex 2021.10.7)  14 NOV 2021 19:06
entering extended mode
 restricted \write18 enabled.
 %&-line parsing enabled.
**fisica_tecnica.tex
(./fisica_tecnica.tex
LaTeX2e <2020-10-01> patch level 4
L3 programming layer <2021-02-18>
(/usr/local/texlive/2021/texmf-dist/tex/latex/base/article.cls
Document Class: article 2020/04/10 v1.4m Standard LaTeX document class
(/usr/local/texlive/2021/texmf-dist/tex/latex/base/size10.clo
File: size10.clo 2020/04/10 v1.4m Standard LaTeX file (size option)
)
\c@part=\count179
\c@section=\count180
\c@subsection=\count181
\c@subsubsection=\count182
\c@paragraph=\count183
\c@subparagraph=\count184
\c@figure=\count185
\c@table=\count186
\abovecaptionskip=\skip47
\belowcaptionskip=\skip48
\bibindent=\dimen138
)
(/usr/local/texlive/2021/texmf-dist/tex/latex/base/fontenc.sty
Package: fontenc 2020/08/10 v2.0s Standard LaTeX package
)
(/usr/local/texlive/2021/texmf-dist/tex/latex/base/inputenc.sty
Package: inputenc 2020/08/01 v1.3d Input encoding file
\inpenc@prehook=\toks15
\inpenc@posthook=\toks16

(/usr/local/texlive/2021/texmf-dist/tex/latex/ucs/utf8x.def
File: utf8x.def 2004/10/17 UCS: Input encoding UTF-8
))
(/usr/local/texlive/2021/texmf-dist/tex/latex/ucs/ucs.sty
Package: ucs 2013/05/11 v2.2 UCS: Unicode input support

(/usr/local/texlive/2021/texmf-dist/tex/latex/ucs/data/uni-global.def
File: uni-global.def 2013/05/13 UCS: Unicode global data
)
\uc@secondtry=\count187
\uc@combtoks=\toks17
\uc@combtoksb=\toks18
\uc@temptokena=\toks19
)
(/usr/local/texlive/2021/texmf-dist/tex/generic/babel/babel.sty
Package: babel 2021/03/24 3.56 The Babel package

(/usr/local/texlive/2021/texmf-dist/tex/generic/babel/babel.def
File: babel.def 2021/03/24 3.56 Babel common definitions
\babel@savecnt=\count188
\U@D=\dimen139
\l@babelnohyphens=\language87

(/usr/local/texlive/2021/texmf-dist/tex/generic/babel/txtbabel.def)
\bbl@readstream=\read2
)
\bbl@dirlevel=\count189

(/usr/local/texlive/2021/texmf-dist/tex/generic/babel-italian/italian.ldf
Language: italian 2020/05/21 v.1.4.04 Italian support for the babel system
\it@lettering=\count190
\it@doublequoteactive=\count191
\it@ISOcompliance=\count192
))
(/usr/local/texlive/2021/texmf-dist/tex/latex/etoolbox/etoolbox.sty
Package: etoolbox 2020/10/05 v2.5k e-TeX tools for LaTeX (JAW)
\etb@tempcnta=\count193
)
(/usr/local/texlive/2021/texmf-dist/tex/latex/graphics/graphicx.sty
Package: graphicx 2020/09/09 v1.2b Enhanced LaTeX Graphics (DPC,SPQR)

(/usr/local/texlive/2021/texmf-dist/tex/latex/graphics/keyval.sty
Package: keyval 2014/10/28 v1.15 key=value parser (DPC)
\KV@toks@=\toks20
)
(/usr/local/texlive/2021/texmf-dist/tex/latex/graphics/graphics.sty
Package: graphics 2020/08/30 v1.4c Standard LaTeX Graphics (DPC,SPQR)

(/usr/local/texlive/2021/texmf-dist/tex/latex/graphics/trig.sty
Package: trig 2016/01/03 v1.10 sin cos tan (DPC)
)
(/usr/local/texlive/2021/texmf-dist/tex/latex/graphics-cfg/graphics.cfg
File: graphics.cfg 2016/06/04 v1.11 sample graphics configuration
)
Package graphics Info: Driver file: pdftex.def on input line 105.

(/usr/local/texlive/2021/texmf-dist/tex/latex/graphics-def/pdftex.def
File: pdftex.def 2020/10/05 v1.2a Graphics/color driver for pdftex
))
\Gin@req@height=\dimen140
\Gin@req@width=\dimen141
)
(/usr/local/texlive/2021/texmf-dist/tex/latex/tools/multicol.sty
Package: multicol 2019/12/09 v1.8y multicolumn formatting (FMi)
\c@tracingmulticols=\count194
\mult@box=\box47
\multicol@leftmargin=\dimen142
\c@unbalance=\count195
\c@collectmore=\count196
\doublecol@number=\count197
\multicoltolerance=\count198
\multicolpretolerance=\count199
\full@width=\dimen143
\page@free=\dimen144
\premulticols=\dimen145
\postmulticols=\dimen146
\multicolsep=\skip49
\multicolbaselineskip=\skip50
\partial@page=\box48
\last@line=\box49
\maxbalancingoverflow=\dimen147
\mult@rightbox=\box50
\mult@grightbox=\box51
\mult@gfirstbox=\box52
\mult@firstbox=\box53
\@tempa=\box54
\@tempa=\box55
\@tempa=\box56
\@tempa=\box57
\@tempa=\box58
\@tempa=\box59
\@tempa=\box60
\@tempa=\box61
\@tempa=\box62
\@tempa=\box63
\@tempa=\box64
\@tempa=\box65
\@tempa=\box66
\@tempa=\box67
\@tempa=\box68
\@tempa=\box69
\@tempa=\box70
\@tempa=\box71
\@tempa=\box72
\@tempa=\box73
\@tempa=\box74
\@tempa=\box75
\@tempa=\box76
\@tempa=\box77
\@tempa=\box78
\@tempa=\box79
\@tempa=\box80
\@tempa=\box81
\@tempa=\box82
\@tempa=\box83
\@tempa=\box84
\@tempa=\box85
\@tempa=\box86
\@tempa=\box87
\@tempa=\box88
\@tempa=\box89
\@tempa=\box90
\c@minrows=\count266
\c@columnbadness=\count267
\c@finalcolumnbadness=\count268
\last@try=\dimen148
\multicolovershoot=\dimen149
\multicolundershoot=\dimen150
\mult@nat@firstbox=\box91
\colbreak@box=\box92
\mc@col@check@num=\count269
)
(/usr/local/texlive/2021/texmf-dist/tex/latex/amsmath/amsmath.sty
Package: amsmath 2020/09/23 v2.17i AMS math features
\@mathmargin=\skip51

For additional information on amsmath, use the `?' option.
(/usr/local/texlive/2021/texmf-dist/tex/latex/amsmath/amstext.sty
Package: amstext 2000/06/29 v2.01 AMS text

(/usr/local/texlive/2021/texmf-dist/tex/latex/amsmath/amsgen.sty
File: amsgen.sty 1999/11/30 v2.0 generic functions
\@emptytoks=\toks21
\ex@=\dimen151
))
(/usr/local/texlive/2021/texmf-dist/tex/latex/amsmath/amsbsy.sty
Package: amsbsy 1999/11/29 v1.2d Bold Symbols
\pmbraise@=\dimen152
)
(/usr/local/texlive/2021/texmf-dist/tex/latex/amsmath/amsopn.sty
Package: amsopn 2016/03/08 v2.02 operator names
)
\inf@bad=\count270
LaTeX Info: Redefining \frac on input line 234.
\uproot@=\count271
\leftroot@=\count272
LaTeX Info: Redefining \overline on input line 399.
\classnum@=\count273
\DOTSCASE@=\count274
LaTeX Info: Redefining \ldots on input line 496.
LaTeX Info: Redefining \dots on input line 499.
LaTeX Info: Redefining \cdots on input line 620.
\Mathstrutbox@=\box93
\strutbox@=\box94
\big@size=\dimen153
LaTeX Font Info:    Redeclaring font encoding OML on input line 743.
LaTeX Font Info:    Redeclaring font encoding OMS on input line 744.
\macc@depth=\count275
\c@MaxMatrixCols=\count276
\dotsspace@=\muskip16
\c@parentequation=\count277
\dspbrk@lvl=\count278
\tag@help=\toks22
\row@=\count279
\column@=\count280
\maxfields@=\count281
\andhelp@=\toks23
\eqnshift@=\dimen154
\alignsep@=\dimen155
\tagshift@=\dimen156
\tagwidth@=\dimen157
\totwidth@=\dimen158
\lineht@=\dimen159
\@envbody=\toks24
\multlinegap=\skip52
\multlinetaggap=\skip53
\mathdisplay@stack=\toks25
LaTeX Info: Redefining \[ on input line 2923.
LaTeX Info: Redefining \] on input line 2924.
)
(/usr/local/texlive/2021/texmf-dist/tex/latex/amscls/amsthm.sty
Package: amsthm 2020/05/29 v2.20.6
\thm@style=\toks26
\thm@bodyfont=\toks27
\thm@headfont=\toks28
\thm@notefont=\toks29
\thm@headpunct=\toks30
\thm@preskip=\skip54
\thm@postskip=\skip55
\thm@headsep=\skip56
\dth@everypar=\toks31
)
(/usr/local/texlive/2021/texmf-dist/tex/latex/amsfonts/amssymb.sty
Package: amssymb 2013/01/14 v3.01 AMS font symbols

(/usr/local/texlive/2021/texmf-dist/tex/latex/amsfonts/amsfonts.sty
Package: amsfonts 2013/01/14 v3.01 Basic AMSFonts support
\symAMSa=\mathgroup4
\symAMSb=\mathgroup5
LaTeX Font Info:    Redeclaring math symbol \hbar on input line 98.
LaTeX Font Info:    Overwriting math alphabet `\mathfrak' in version `bold'
(Font)                  U/euf/m/n --> U/euf/b/n on input line 106.
))
(/usr/local/texlive/2021/texmf-dist/tex/latex/cancel/cancel.sty
Package: cancel 2013/04/12 v2.2 Cancel math terms
)
(/usr/local/texlive/2021/texmf-dist/tex/latex/subfigure/subfigure.sty
Package: subfigure 2002/03/15 v2.1.5 subfigure package
\subfigtopskip=\skip57
\subfigcapskip=\skip58
\subfigcaptopadj=\dimen160
\subfigbottomskip=\skip59
\subfigcapmargin=\dimen161
\subfiglabelskip=\skip60
\c@subfigure=\count282
\c@lofdepth=\count283
\c@subtable=\count284
\c@lotdepth=\count285

****************************************
* Local config file subfigure.cfg used *
****************************************
(/usr/local/texlive/2021/texmf-dist/tex/latex/subfigure/subfigure.cfg)
\subfig@top=\skip61
\subfig@bottom=\skip62
)
(/usr/local/texlive/2021/texmf-dist/tex/latex/mathtools/mathtools.sty
Package: mathtools 2021/03/18 v1.25 mathematical typesetting tools

(/usr/local/texlive/2021/texmf-dist/tex/latex/tools/calc.sty
Package: calc 2017/05/25 v4.3 Infix arithmetic (KKT,FJ)
\calc@Acount=\count286
\calc@Bcount=\count287
\calc@Adimen=\dimen162
\calc@Bdimen=\dimen163
\calc@Askip=\skip63
\calc@Bskip=\skip64
LaTeX Info: Redefining \setlength on input line 80.
LaTeX Info: Redefining \addtolength on input line 81.
\calc@Ccount=\count288
\calc@Cskip=\skip65
)
(/usr/local/texlive/2021/texmf-dist/tex/latex/mathtools/mhsetup.sty
Package: mhsetup 2021/03/18 v1.4 programming setup (MH)
)
LaTeX Info: Thecontrolsequence`\('isalreadyrobust on input line 130.
LaTeX Info: Thecontrolsequence`\)'isalreadyrobust on input line 130.
LaTeX Info: Thecontrolsequence`\['isalreadyrobust on input line 130.
LaTeX Info: Thecontrolsequence`\]'isalreadyrobust on input line 130.
\g_MT_multlinerow_int=\count289
\l_MT_multwidth_dim=\dimen164
\origjot=\skip66
\l_MT_shortvdotswithinadjustabove_dim=\dimen165
\l_MT_shortvdotswithinadjustbelow_dim=\dimen166
\l_MT_above_intertext_sep=\dimen167
\l_MT_below_intertext_sep=\dimen168
\l_MT_above_shortintertext_sep=\dimen169
\l_MT_below_shortintertext_sep=\dimen170
\xmathstrut@box=\box95
\xmathstrut@dim=\dimen171
)
(/usr/local/texlive/2021/texmf-dist/tex/latex/esint/esint.sty
Package: esint 
\symlargesymbolsA=\mathgroup6
)
(/usr/local/texlive/2021/texmf-dist/tex/latex/float/float.sty
Package: float 2001/11/08 v1.3d Float enhancements (AL)
\c@float@type=\count290
\float@exts=\toks32
\float@box=\box96
\@float@everytoks=\toks33
\@floatcapt=\box97
)
(/usr/local/texlive/2021/texmf-dist/tex/latex/import/import.sty
Package: import 2020/04/01  v 6.2
)
(/usr/local/texlive/2021/texmf-dist/tex/latex/xcolor/xcolor.sty
Package: xcolor 2016/05/11 v2.12 LaTeX color extensions (UK)

(/usr/local/texlive/2021/texmf-dist/tex/latex/graphics-cfg/color.cfg
File: color.cfg 2016/01/02 v1.6 sample color configuration
)
Package xcolor Info: Driver file: pdftex.def on input line 225.
Package xcolor Info: Model `cmy' substituted by `cmy0' on input line 1348.
Package xcolor Info: Model `hsb' substituted by `rgb' on input line 1352.
Package xcolor Info: Model `RGB' extended on input line 1364.
Package xcolor Info: Model `HTML' substituted by `rgb' on input line 1366.
Package xcolor Info: Model `Hsb' substituted by `hsb' on input line 1367.
Package xcolor Info: Model `tHsb' substituted by `hsb' on input line 1368.
Package xcolor Info: Model `HSB' substituted by `hsb' on input line 1369.
Package xcolor Info: Model `Gray' substituted by `gray' on input line 1370.
Package xcolor Info: Model `wave' substituted by `hsb' on input line 1371.
)
(/usr/local/texlive/2021/texmf-dist/tex/latex/geometry/geometry.sty
Package: geometry 2020/01/02 v5.9 Page Geometry

(/usr/local/texlive/2021/texmf-dist/tex/generic/iftex/ifvtex.sty
Package: ifvtex 2019/10/25 v1.7 ifvtex legacy package. Use iftex instead.

(/usr/local/texlive/2021/texmf-dist/tex/generic/iftex/iftex.sty
Package: iftex 2020/03/06 v1.0d TeX engine tests
))
\Gm@cnth=\count291
\Gm@cntv=\count292
\c@Gm@tempcnt=\count293
\Gm@bindingoffset=\dimen172
\Gm@wd@mp=\dimen173
\Gm@odd@mp=\dimen174
\Gm@even@mp=\dimen175
\Gm@layoutwidth=\dimen176
\Gm@layoutheight=\dimen177
\Gm@layouthoffset=\dimen178
\Gm@layoutvoffset=\dimen179
\Gm@dimlist=\toks34
)
(/usr/local/texlive/2021/texmf-dist/tex/latex/tocloft/tocloft.sty
Package: tocloft 2017/08/31 v2.3i parameterised ToC, etc., typesetting
Package tocloft Info: The document has section divisions on input line 51.
\cftparskip=\skip67
\cftbeforetoctitleskip=\skip68
\cftaftertoctitleskip=\skip69
\cftbeforepartskip=\skip70
\cftpartnumwidth=\skip71
\cftpartindent=\skip72
\cftbeforesecskip=\skip73
\cftsecindent=\skip74
\cftsecnumwidth=\skip75
\cftbeforesubsecskip=\skip76
\cftsubsecindent=\skip77
\cftsubsecnumwidth=\skip78
\cftbeforesubsubsecskip=\skip79
\cftsubsubsecindent=\skip80
\cftsubsubsecnumwidth=\skip81
\cftbeforeparaskip=\skip82
\cftparaindent=\skip83
\cftparanumwidth=\skip84
\cftbeforesubparaskip=\skip85
\cftsubparaindent=\skip86
\cftsubparanumwidth=\skip87
\cftbeforeloftitleskip=\skip88
\cftafterloftitleskip=\skip89
\cftbeforefigskip=\skip90
\cftfigindent=\skip91
\cftfignumwidth=\skip92
\cftbeforelottitleskip=\skip93
\cftafterlottitleskip=\skip94
\cftbeforetabskip=\skip95
\cfttabindent=\skip96
\cfttabnumwidth=\skip97
\cftbeforesubfigskip=\skip98
\cftsubfigindent=\skip99
\cftsubfignumwidth=\skip100
\cftbeforesubtabskip=\skip101
\cftsubtabindent=\skip102
\cftsubtabnumwidth=\skip103
)
\c@myequations=\count294
\cftbeforemyequationsskip=\skip104
\cftmyequationsindent=\skip105
\cftmyequationsnumwidth=\skip106
\c@equdepth=\count295
\cftbeforeequtitleskip=\skip107
\cftafterequtitleskip=\skip108

(/usr/local/texlive/2021/texmf-dist/tex/latex/base/makeidx.sty
Package: makeidx 2014/09/29 v1.0m Standard LaTeX package
)
\@indexfile=\write3
\openout3 = `fisica_tecnica.idx'.


Writing index file fisica_tecnica.idx
(/usr/local/texlive/2021/texmf-dist/tex/latex/l3backend/l3backend-pdftex.def
File: l3backend-pdftex.def 2021-03-18 L3 backend support: PDF output (pdfTeX)
\l__color_backend_stack_int=\count296
\l__pdf_internal_box=\box98
)
(./fisica_tecnica.aux)
\openout1 = `fisica_tecnica.aux'.

LaTeX Font Info:    Checking defaults for OML/cmm/m/it on input line 57.
LaTeX Font Info:    ... okay on input line 57.
LaTeX Font Info:    Checking defaults for OMS/cmsy/m/n on input line 57.
LaTeX Font Info:    ... okay on input line 57.
LaTeX Font Info:    Checking defaults for OT1/cmr/m/n on input line 57.
LaTeX Font Info:    ... okay on input line 57.
LaTeX Font Info:    Checking defaults for T1/cmr/m/n on input line 57.
LaTeX Font Info:    ... okay on input line 57.
LaTeX Font Info:    Checking defaults for TS1/cmr/m/n on input line 57.
LaTeX Font Info:    ... okay on input line 57.
LaTeX Font Info:    Checking defaults for OMX/cmex/m/n on input line 57.
LaTeX Font Info:    ... okay on input line 57.
LaTeX Font Info:    Checking defaults for U/cmr/m/n on input line 57.
LaTeX Font Info:    ... okay on input line 57.

(/usr/local/texlive/2021/texmf-dist/tex/latex/ucs/ucsencs.def
File: ucsencs.def 2011/01/21 Fixes to fontencodings LGR, T3
)
LaTeX Info: Redefining \it@ocap on input line 57.
LaTeX Info: Redefining \it@ccap on input line 57.

(/usr/local/texlive/2021/texmf-dist/tex/context/base/mkii/supp-pdf.mkii
[Loading MPS to PDF converter (version 2006.09.02).]
\scratchcounter=\count297
\scratchdimen=\dimen180
\scratchbox=\box99
\nofMPsegments=\count298
\nofMParguments=\count299
\everyMPshowfont=\toks35
\MPscratchCnt=\count300
\MPscratchDim=\dimen181
\MPnumerator=\count301
\makeMPintoPDFobject=\count302
\everyMPtoPDFconversion=\toks36
) (/usr/local/texlive/2021/texmf-dist/tex/latex/epstopdf-pkg/epstopdf-base.sty
Package: epstopdf-base 2020-01-24 v2.11 Base part for package epstopdf
Package epstopdf-base Info: Redefining graphics rule for `.eps' on input line 4
85.

(/usr/local/texlive/2021/texmf-dist/tex/latex/latexconfig/epstopdf-sys.cfg
File: epstopdf-sys.cfg 2010/07/13 v1.3 Configuration of (r)epstopdf for TeX Liv
e
))
*geometry* driver: auto-detecting
*geometry* detected driver: pdftex
*geometry* verbose mode - [ preamble ] result:
* driver: pdftex
* paper: a4paper
* layout: <same size as paper>
* layoutoffset:(h,v)=(0.0pt,0.0pt)
* bindingoffset: 14.22636pt
* modes: heightrounded 
* h-part:(L,W,R)=(71.13188pt, 441.01775pt, 71.13188pt)
* v-part:(T,H,B)=(56.9055pt, 731.23584pt, 56.9055pt)
* \paperwidth=597.50787pt
* \paperheight=845.04684pt
* \textwidth=441.01775pt
* \textheight=730.0pt
* \oddsidemargin=13.08826pt
* \evensidemargin=-1.1381pt
* \topmargin=-52.36449pt
* \headheight=12.0pt
* \headsep=25.0pt
* \topskip=10.0pt
* \footskip=30.0pt
* \marginparwidth=57.0pt
* \marginparsep=11.0pt
* \columnsep=10.0pt
* \skip\footins=9.0pt plus 4.0pt minus 2.0pt
* \hoffset=0.0pt
* \voffset=0.0pt
* \mag=1000
* \@twocolumnfalse
* \@twosidefalse
* \@mparswitchfalse
* \@reversemarginfalse
* (1in=72.27pt=25.4mm, 1cm=28.453pt)

LaTeX Font Info:    Trying to load font information for U+msa on input line 60.

(/usr/local/texlive/2021/texmf-dist/tex/latex/amsfonts/umsa.fd
File: umsa.fd 2013/01/14 v3.01 AMS symbols A
)
LaTeX Font Info:    Trying to load font information for U+msb on input line 60.


(/usr/local/texlive/2021/texmf-dist/tex/latex/amsfonts/umsb.fd
File: umsb.fd 2013/01/14 v3.01 AMS symbols B
)
LaTeX Font Info:    Trying to load font information for U+esint on input line 6
0.

(/usr/local/texlive/2021/texmf-dist/tex/latex/esint/uesint.fd
File: uesint.fd 
) [1

{/usr/local/texlive/2021/texmf-var/fonts/map/pdftex/updmap/pdftex.map}] (./fisi
ca_tecnica.toc)
\tf@toc=\write4
\openout4 = `fisica_tecnica.toc'.

 [2] (/usr/local/texlive/2021/texmf-dist/tex/latex/ucs/data/uni-0.def
File: uni-0.def 2013/05/13 UCS: Unicode data U+0000..U+00FF
)
(/usr/local/texlive/2021/texmf-dist/tex/latex/ucs/data/uni-32.def
File: uni-32.def 2013/05/13 UCS: Unicode data U+2000..U+20FF
) [3]
Underfull \hbox (badness 10000) in paragraph at lines 135--137

 []


Package amsmath Warning: Foreign command \over;
(amsmath)                \frac or \genfrac should be used instead
(amsmath)                 on input line 138.

[4]
<figures//seebeck.png, id=32, 395.4775pt x 238.8925pt>
File: figures//seebeck.png Graphic file (type png)
<use figures//seebeck.png>
Package pdftex.def Info: figures//seebeck.png  used on input line 173.
(pdftex.def)             Requested size: 109.50793pt x 66.14996pt.
<figures//peltier.png, id=34, 274.02374pt x 184.69pt>
File: figures//peltier.png Graphic file (type png)
<use figures//peltier.png>
Package pdftex.def Info: figures//peltier.png  used on input line 175.
(pdftex.def)             Requested size: 98.14671pt x 66.14996pt.
<figures//thompson.png, id=35, 343.2825pt x 131.49126pt>
File: figures//thompson.png Graphic file (type png)
<use figures//thompson.png>
Package pdftex.def Info: figures//thompson.png  used on input line 177.
(pdftex.def)             Requested size: 172.70415pt x 66.14996pt.
 [5 <./figures//seebeck.png> <./figures//peltier.png> <./figures//thompson.png>
]
<figures//generalizprincipio.jpg, id=44, 1644.1425pt x 381.425pt>
File: figures//generalizprincipio.jpg Graphic file (type jpg)
<use figures//generalizprincipio.jpg>
Package pdftex.def Info: figures//generalizprincipio.jpg  used on input line 23
4.
(pdftex.def)             Requested size: 264.61333pt x 61.38426pt.
 (./figures/sistemaperto.pdf_tex
<figures//sistemaperto.pdf, id=45, page=1, 320.46321pt x 106.22185pt>
File: figures//sistemaperto.pdf Graphic file (type pdf)
<use figures//sistemaperto.pdf, page 1>
Package pdftex.def Info: figures//sistemaperto.pdf , page1 used on input line 5
6.
(pdftex.def)             Requested size: 320.46321pt x 106.22968pt.
)
<figures//espansore.png, id=46, 269.005pt x 311.1625pt>
File: figures//espansore.png Graphic file (type png)
<use figures//espansore.png>
Package pdftex.def Info: figures//espansore.png  used on input line 263.
(pdftex.def)             Requested size: 88.2022pt x 102.02397pt.
 [6 <./figures//generalizprincipio.jpg> <./figures//sistemaperto.pdf>]
<figures//compressore.png, id=53, 305.14pt x 270.00874pt>
File: figures//compressore.png Graphic file (type png)
<use figures//compressore.png>
Package pdftex.def Info: figures//compressore.png  used on input line 292.
(pdftex.def)             Requested size: 88.2022pt x 78.04507pt.
<figures//valvolalaminazione.png, id=54, 399.4925pt x 132.495pt>
File: figures//valvolalaminazione.png Graphic file (type png)
<use figures//valvolalaminazione.png>
Package pdftex.def Info: figures//valvolalaminazione.png  used on input line 30
6.
(pdftex.def)             Requested size: 132.30666pt x 43.88116pt.
<figures//tuboefflusso.png, id=55, 334.24875pt x 432.61626pt>
File: figures//tuboefflusso.png Graphic file (type png)
<use figures//tuboefflusso.png>
Package pdftex.def Info: figures//tuboefflusso.png  used on input line 323.
(pdftex.def)             Requested size: 132.30666pt x 171.24791pt.
 [7 <./figures//espansore.png> <./figures//compressore.png> <./figures//valvola
laminazione.png>]
<figures//sistemiapertigen.png, id=64, 529.98pt x 277.035pt>
File: figures//sistemiapertigen.png Graphic file (type png)
<use figures//sistemiapertigen.png>
Package pdftex.def Info: figures//sistemiapertigen.png  used on input line 335.

(pdftex.def)             Requested size: 220.50887pt x 115.2675pt.
 [8 <./figures//tuboefflusso.png> <./figures//sistemiapertigen.png>] (./figures
//newcommen.pdf_tex
<figures//newcommen.pdf, id=70, page=1, 190.60976pt x 139.03694pt>
File: figures//newcommen.pdf Graphic file (type pdf)
<use figures//newcommen.pdf, page 1>
Package pdftex.def Info: figures//newcommen.pdf , page1 used on input line 56.
(pdftex.def)             Requested size: 190.60976pt x 139.04718pt.
<figures//newcommen.pdf, id=71, page=2, 190.60976pt x 139.03694pt>
File: figures//newcommen.pdf Graphic file (type pdf)
<use figures//newcommen.pdf, page 2>
Package pdftex.def Info: figures//newcommen.pdf , page2 used on input line 60.
(pdftex.def)             Requested size: 190.60976pt x 139.04718pt.
)
<figures//macchinadiWatt.jpg, id=72, 260.172pt x 230.66174pt>
File: figures//macchinadiWatt.jpg Graphic file (type jpg)
<use figures//macchinadiWatt.jpg>
Package pdftex.def Info: figures//macchinadiWatt.jpg  used on input line 387.
(pdftex.def)             Requested size: 264.61333pt x 234.61015pt.
<figures//sistema.jpg, id=73, 170.43675pt x 253.54726pt>
File: figures//sistema.jpg Graphic file (type jpg)
<use figures//sistema.jpg>
Package pdftex.def Info: figures//sistema.jpg  used on input line 398.
(pdftex.def)             Requested size: 88.2022pt x 131.2147pt.
 [9 <./figures//newcommen.pdf> <./figures//newcommen.pdf

pdfTeX warning: /Library/TeX/texbin/pdflatex (file ./figures//newcommen.pdf): P
DF inclusion: multiple pdfs with page group included in a single page
> <./figures//macchinadiWatt.jpg>]
<figures//Plank.jpg, id=91, 162.6075pt x 147.55125pt>
File: figures//Plank.jpg Graphic file (type jpg)
<use figures//Plank.jpg>
Package pdftex.def Info: figures//Plank.jpg  used on input line 421.
(pdftex.def)             Requested size: 97.20299pt x 88.2022pt.
<figures//Clausius.jpg, id=92, 204.765pt x 118.64325pt>
File: figures//Clausius.jpg Graphic file (type jpg)
<use figures//Clausius.jpg>
Package pdftex.def Info: figures//Clausius.jpg  used on input line 423.
(pdftex.def)             Requested size: 152.22984pt x 88.2022pt.
 [10 <./figures//sistema.jpg> <./figures//Plank.jpg> <./figures//Clausius.jpg>]
 [11]
Underfull \hbox (badness 10000) in paragraph at lines 535--537

 []

<figures//ciclomotore.png, id=99, 389.455pt x 276.03125pt>
File: figures//ciclomotore.png Graphic file (type png)
<use figures//ciclomotore.png>
Package pdftex.def Info: figures//ciclomotore.png  used on input line 557.
(pdftex.def)             Requested size: 132.30666pt x 93.77356pt.
<figures//carnot.png, id=100, 442.65375pt x 306.14375pt>
File: figures//carnot.png Graphic file (type png)
<use figures//carnot.png>
Package pdftex.def Info: figures//carnot.png  used on input line 580.
(pdftex.def)             Requested size: 176.4044pt x 122.0022pt.
[12 <./figures//ciclomotore.png>]
<figures//cicloinverso.png, id=105, 451.6875pt x 303.1325pt>
File: figures//cicloinverso.png Graphic file (type png)
<use figures//cicloinverso.png>
Package pdftex.def Info: figures//cicloinverso.png  used on input line 601.
(pdftex.def)             Requested size: 132.30666pt x 88.79425pt.
<figures//isobara_Ts.png, id=106, 448.67625pt x 342.27875pt>
File: figures//isobara_Ts.png Graphic file (type png)
<use figures//isobara_Ts.png>
Package pdftex.def Info: figures//isobara_Ts.png  used on input line 637.
(pdftex.def)             Requested size: 176.4044pt x 134.56927pt.
 [13 <./figures//carnot.png> <./figures//cicloinverso.png>]
Underfull \hbox (badness 10000) in paragraph at lines 653--656

 []

<figures//isobara_hs.png, id=113, 421.575pt x 320.19624pt>
File: figures//isobara_hs.png Graphic file (type png)
<use figures//isobara_hs.png>
Package pdftex.def Info: figures//isobara_hs.png  used on input line 673.
(pdftex.def)             Requested size: 176.4044pt x 133.98314pt.
[14 <./figures//isobara_Ts.png> <./figures//isobara_hs.png>] [15] [16]
Underfull \hbox (badness 10000) in paragraph at lines 847--849

 []


Underfull \hbox (badness 10000) in paragraph at lines 864--867

 []

[17]
Underfull \hbox (badness 10000) in paragraph at lines 925--928

 []

[18] [19] (./fisica_tecnica.lof)
\tf@lof=\write5
\openout5 = `fisica_tecnica.lof'.

 [20] (./fisica_tecnica.lot)
\tf@lot=\write6
\openout6 = `fisica_tecnica.lot'.

 [21]
(./fisica_tecnica.equ)
\tf@equ=\write7
\openout7 = `fisica_tecnica.equ'.

 [22] (./fisica_tecnica.ind [23


]) (./fisica_tecnica.aux) ) 
Here is how much of TeX's memory you used:
 7301 strings out of 478994
 101055 string characters out of 5858184
 442042 words of memory out of 5000000
 24609 multiletter control sequences out of 15000+600000
 423188 words of font info for 82 fonts, out of 8000000 for 9000
 1141 hyphenation exceptions out of 8191
 68i,15n,74p,744b,488s stack positions out of 5000i,500n,10000p,200000b,80000s
{/usr/local/texlive/2021/texmf-dist/fonts/enc/dvips/
cm-super/cm-super-t1.enc}{/usr/local/texlive/2021/texmf-dist/fonts/enc/dvips/cm
-super/cm-super-ts1.enc}</usr/local/texlive/2021/texmf-dist/fonts/type1/public/
amsfonts/cm/cmex10.pfb></usr/local/texlive/2021/texmf-dist/fonts/type1/public/a
msfonts/cm/cmmi10.pfb></usr/local/texlive/2021/texmf-dist/fonts/type1/public/am
sfonts/cm/cmmi5.pfb></usr/local/texlive/2021/texmf-dist/fonts/type1/public/amsf
onts/cm/cmmi7.pfb></usr/local/texlive/2021/texmf-dist/fonts/type1/public/amsfon
ts/cm/cmmib10.pfb></usr/local/texlive/2021/texmf-dist/fonts/type1/public/amsfon
ts/cmextra/cmmib7.pfb></usr/local/texlive/2021/texmf-dist/fonts/type1/public/am
sfonts/cm/cmr10.pfb></usr/local/texlive/2021/texmf-dist/fonts/type1/public/amsf
onts/cm/cmr5.pfb></usr/local/texlive/2021/texmf-dist/fonts/type1/public/amsfont
s/cm/cmr7.pfb></usr/local/texlive/2021/texmf-dist/fonts/type1/public/amsfonts/c
m/cmsy10.pfb></usr/local/texlive/2021/texmf-dist/fonts/type1/public/amsfonts/cm
/cmsy7.pfb></usr/local/texlive/2021/texmf-dist/fonts/type1/public/esint-type1/e
sint10.pfb></usr/local/texlive/2021/texmf-dist/fonts/type1/public/amsfonts/latx
font/line10.pfb></usr/local/texlive/2021/texmf-dist/fonts/type1/public/cm-super
/sfbx1000.pfb></usr/local/texlive/2021/texmf-dist/fonts/type1/public/cm-super/s
fbx1200.pfb></usr/local/texlive/2021/texmf-dist/fonts/type1/public/cm-super/sfb
x1440.pfb></usr/local/texlive/2021/texmf-dist/fonts/type1/public/cm-super/sfbx2
488.pfb></usr/local/texlive/2021/texmf-dist/fonts/type1/public/cm-super/sfrm050
0.pfb></usr/local/texlive/2021/texmf-dist/fonts/type1/public/cm-super/sfrm0800.
pfb></usr/local/texlive/2021/texmf-dist/fonts/type1/public/cm-super/sfrm1000.pf
b></usr/local/texlive/2021/texmf-dist/fonts/type1/public/cm-super/sfrm1200.pfb>
</usr/local/texlive/2021/texmf-dist/fonts/type1/public/cm-super/sfrm1728.pfb></
usr/local/texlive/2021/texmf-dist/fonts/type1/public/cm-super/sfti1000.pfb>
Output written on fisica_tecnica.pdf (23 pages, 1341916 bytes).
PDF statistics:
 226 PDF objects out of 1000 (max. 8388607)
 136 compressed objects within 2 object streams
 0 named destinations out of 1000 (max. 500000)
 106 words of extra memory for PDF output out of 10000 (max. 10000000)

